
Genreモデルのテスト
  カテゴリー投稿のテスト
[31m    カテゴリー投稿後のリダイレクト先は正しいか (FAILED - 1)[0m

Customerモデルのテスト
  バリデーションのテスト
    カラムのテスト
[32m      空欄でないこと[0m
    アソシエーションのテスト
      モデルとの関係
[32m        Postモデルと1:Nになっている[0m
[32m        catagoryモデルと1:Nになっている[0m

Genreモデルのテスト
  ジャンル投稿投稿のテスト
[32m    投稿後のリダイレクト先は正しいか[0m

[STEP1] ユーザログイン前のテスト
  トップ画面のテスト
    表示内容の確認
[32m      URLが存在するか[0m
    リンク先のテスト
[32m      Aboutページへのリンク[0m
[32m      ジャンル一覧へのリンク[0m
[32m      新規登録へのリンク[0m
[32m      ログインへのリンク[0m
  ジャンル画面のテスト
[32m    カテゴリーへのリンクテスト[0m
  カテゴリー画面のテスト
[32m    postへのリンクテスト[0m

ログイン後のテスト
[31m  ログインのテスト (FAILED - 2)[0m

Failures:

  1) Genreモデルのテスト カテゴリー投稿のテスト カテゴリー投稿後のリダイレクト先は正しいか
     [31mFailure/Error: fill_in "category[name]", with: category.name[0m
     [31m[0m
     [31mCapybara::ElementNotFound:[0m
     [31m  Unable to find field "category[name]" that is not disabled[0m
     [36m# /home/ec2-user/.rvm/gems/ruby-2.6.3/gems/capybara-3.35.3/lib/capybara/node/finders.rb:303:in `block in synced_resolve'[0m
     [36m# /home/ec2-user/.rvm/gems/ruby-2.6.3/gems/capybara-3.35.3/lib/capybara/node/base.rb:83:in `synchronize'[0m
     [36m# /home/ec2-user/.rvm/gems/ruby-2.6.3/gems/capybara-3.35.3/lib/capybara/node/finders.rb:292:in `synced_resolve'[0m
     [36m# /home/ec2-user/.rvm/gems/ruby-2.6.3/gems/capybara-3.35.3/lib/capybara/node/finders.rb:53:in `find'[0m
     [36m# /home/ec2-user/.rvm/gems/ruby-2.6.3/gems/capybara-3.35.3/lib/capybara/node/actions.rb:91:in `fill_in'[0m
     [36m# /home/ec2-user/.rvm/gems/ruby-2.6.3/gems/capybara-3.35.3/lib/capybara/session.rb:768:in `block (2 levels) in <class:Session>'[0m
     [36m# /home/ec2-user/.rvm/gems/ruby-2.6.3/gems/capybara-3.35.3/lib/capybara/dsl.rb:58:in `block (2 levels) in <module:DSL>'[0m
     [36m# ./spec/models/category_spec.rb:24:in `block (3 levels) in <top (required)>'[0m

  2) ログイン後のテスト ログインのテスト
     [31mFailure/Error: befor[0m
     [31m[0m
     [31mNameError:[0m
     [31m  undefined local variable or method `befor' for #<RSpec::ExampleGroups::Nested:0x0000000007559900>[0m
     [36m# ./spec/system/02_afterl_login_spec.rb:10:in `block (2 levels) in <main>'[0m

Finished in 1.73 seconds (files took 1.66 seconds to load)
[31m13 examples, 2 failures[0m

Failed examples:

[31mrspec ./spec/models/category_spec.rb:23[0m [36m# Genreモデルのテスト カテゴリー投稿のテスト カテゴリー投稿後のリダイレクト先は正しいか[0m
[31mrspec ./spec/system/02_afterl_login_spec.rb:9[0m [36m# ログイン後のテスト ログインのテスト[0m

